<?xml version="1.0" encoding="UTF-8"?>
<!-- Generated by org.testng.reporters.JUnitXMLReporter -->
<testsuite ignored="0" hostname="Pavan_Kumar" failures="0" tests="4" name="report3" time="17.919" errors="0" timestamp="2023-12-18T21:45:15 IST">
  <testcase classname="dec12.ThirdTestNGClass" name="admin" time="2.607"/>
  <testcase classname="dec12.ThirdTestNGClass" name="pim" time="1.264"/>
  <testcase classname="dec12.ThirdTestNGClass" name="leave" time="1.494"/>
  <testcase classname="dec12.ThirdTestNGClass" name="time" time="1.266"/>
</testsuite> <!-- report3 -->
