<?xml version="1.0" encoding="UTF-8"?>
<!-- Generated by org.testng.reporters.JUnitXMLReporter -->
<testsuite ignored="0" hostname="Pavan_Kumar" failures="0" tests="3" name="report5" time="15.025" errors="0" timestamp="2023-12-18T21:45:47 IST">
  <testcase classname="dec12.SecondTestNGClassb" name="roles" time="0.919"/>
  <testcase classname="dec12.SecondTestNGClassb" name="users" time="0.526"/>
  <testcase classname="dec12.SecondTestNGClassb" name="branches" time="0.684"/>
</testsuite> <!-- report5 -->
