<?xml version="1.0" encoding="UTF-8"?>
<!-- Generated by org.testng.reporters.JUnitXMLReporter -->
<testsuite ignored="0" hostname="Pavan_Kumar" failures="0" tests="4" name="report4" time="16.756" errors="0" timestamp="2023-12-18T21:45:32 IST">
  <testcase classname="dec12.ThirdTestNGClassc" name="admin" time="1.89"/>
  <testcase classname="dec12.ThirdTestNGClassc" name="pim" time="0.994"/>
  <testcase classname="dec12.ThirdTestNGClassc" name="leave" time="1.327"/>
  <testcase classname="dec12.ThirdTestNGClassc" name="time" time="1.212"/>
</testsuite> <!-- report4 -->
