<?xml version="1.0" encoding="UTF-8"?>
<!-- Generated by org.testng.reporters.JUnitXMLReporter -->
<testsuite ignored="0" hostname="Pavan_Kumar" failures="0" tests="3" name="report1" time="5.869" errors="0" timestamp="2023-12-18T21:44:41 IST">
  <testcase classname="dec12.FirstTestNGClassa" name="cBanking" time="0.328"/>
  <testcase classname="dec12.FirstTestNGClassa" name="iBanking" time="0.325"/>
  <testcase classname="dec12.FirstTestNGClassa" name="pBanking" time="0.529"/>
</testsuite> <!-- report1 -->
