<?xml version="1.0" encoding="UTF-8"?>
<!-- Generated by org.testng.reporters.JUnitXMLReporter -->
<testsuite ignored="0" hostname="Pavan_Kumar" failures="0" tests="3" name="report6" time="4.864" errors="0" timestamp="2023-12-18T21:45:52 IST">
  <testcase classname="dec12.FirstTestNGClass" name="cBanking" time="0.317"/>
  <testcase classname="dec12.FirstTestNGClass" name="iBanking" time="0.35"/>
  <testcase classname="dec12.FirstTestNGClass" name="pBanking" time="0.786"/>
</testsuite> <!-- report6 -->
