<?xml version="1.0" encoding="UTF-8"?>
<!-- Generated by org.testng.reporters.JUnitXMLReporter -->
<testsuite ignored="0" hostname="Pavan_Kumar" failures="0" tests="3" name="report2" time="15.866" errors="0" timestamp="2023-12-18T21:44:57 IST">
  <testcase classname="dec12.SecondTestNGClass" name="branches" time="0.744"/>
  <testcase classname="dec12.SecondTestNGClass" name="roles" time="0.577"/>
  <testcase classname="dec12.SecondTestNGClass" name="users" time="0.673"/>
</testsuite> <!-- report2 -->
