<?xml version="1.0" encoding="UTF-8"?>
<!-- Generated by org.testng.reporters.JUnitXMLReporter -->
<testsuite ignored="0" hostname="Pavan_Kumar" failures="0" tests="10" name="mrngbatchreport" time="37.907" errors="0" timestamp="2023-12-18T20:37:59 IST">
  <testcase classname="dec12.FirstTestNGClass" name="cBanking" time="0.329"/>
  <testcase classname="dec12.FirstTestNGClass" name="iBanking" time="0.393"/>
  <testcase classname="dec12.FirstTestNGClass" name="pBanking" time="0.844"/>
  <testcase classname="dec12.SecondTestNGClass" name="branches" time="1.247"/>
  <testcase classname="dec12.SecondTestNGClass" name="roles" time="0.8"/>
  <testcase classname="dec12.SecondTestNGClass" name="users" time="0.755"/>
  <testcase classname="dec12.ThirdTestNGClass" name="admin" time="2.278"/>
  <testcase classname="dec12.ThirdTestNGClass" name="pim" time="1.2"/>
  <testcase classname="dec12.ThirdTestNGClass" name="leave" time="1.361"/>
  <testcase classname="dec12.ThirdTestNGClass" name="time" time="1.48"/>
</testsuite> <!-- mrngbatchreport -->
