<?xml version="1.0" encoding="UTF-8"?>
<!-- Generated by org.testng.reporters.JUnitXMLReporter -->
<testsuite ignored="0" hostname="Pavan_Kumar" failures="0" tests="5" name="ChromeTest" time="19.321" errors="0" timestamp="2023-12-19T14:05:11 IST">
  <testcase classname="dec18.Cross_Browser" name="AdminLogin" time="2.373"/>
  <testcase classname="dec18.Cross_Browser" name="AdminLogin" time="1.139"/>
  <testcase classname="dec18.Cross_Browser" name="AdminLogin" time="1.132"/>
  <testcase classname="dec18.Cross_Browser" name="AdminLogin" time="1.354"/>
  <testcase classname="dec18.Cross_Browser" name="AdminLogin" time="1.219"/>
</testsuite> <!-- ChromeTest -->
