<?xml version="1.0" encoding="UTF-8"?>
<!-- Generated by org.testng.reporters.JUnitXMLReporter -->
<testsuite ignored="0" hostname="Pavan_Kumar" failures="0" tests="5" name="Firefoxtest" time="13.287" errors="0" timestamp="2023-12-19T14:05:24 IST">
  <testcase classname="dec18.Cross_Browser" name="AdminLogin" time="2.368"/>
  <testcase classname="dec18.Cross_Browser" name="AdminLogin" time="0.624"/>
  <testcase classname="dec18.Cross_Browser" name="AdminLogin" time="0.933"/>
  <testcase classname="dec18.Cross_Browser" name="AdminLogin" time="1.123"/>
  <testcase classname="dec18.Cross_Browser" name="AdminLogin" time="1.18"/>
</testsuite> <!-- Firefoxtest -->
