<?xml version="1.0" encoding="UTF-8"?>
<!-- Generated by org.testng.reporters.JUnitXMLReporter -->
<testsuite ignored="2" hostname="Pavan_Kumar" failures="0" tests="1" name="Default test(failed)" time="3.035" errors="0" timestamp="2023-12-31T18:33:36 IST">
  <testcase classname="dec31.SecondTestNGClass" name="cBanking" time="0.232"/>
  <testcase classname="dec31.SecondTestNGClass" name="pBanking" time="0.0">
    <ignored/>
  </testcase> <!-- pBanking -->
  <testcase classname="dec31.SecondTestNGClass" name="iBanking" time="0.0">
    <ignored/>
  </testcase> <!-- iBanking -->
</testsuite> <!-- Default test(failed) -->
