<?xml version="1.0" encoding="UTF-8"?>
<!-- Generated by org.testng.reporters.JUnitXMLReporter -->
<testsuite ignored="2" hostname="Pavan_Kumar" failures="0" tests="1" name="Default test(failed)(failed)" time="5.628" errors="0" timestamp="2023-12-14T18:30:57 IST">
  <testcase classname="dec12.FirstTestNGClassa" name="cBanking" time="0.354"/>
  <testcase classname="dec12.FirstTestNGClassa" name="iBanking" time="0.0">
    <ignored/>
  </testcase> <!-- iBanking -->
  <testcase classname="dec12.FirstTestNGClassa" name="pBanking" time="0.0">
    <ignored/>
  </testcase> <!-- pBanking -->
</testsuite> <!-- Default test(failed)(failed) -->
