<?xml version="1.0" encoding="UTF-8"?>
<!-- Generated by org.testng.reporters.JUnitXMLReporter -->
<testsuite ignored="0" hostname="Pavan_Kumar" failures="0" tests="4" name="Chrometest1" time="8.059" errors="0" timestamp="2024-01-02T17:42:57 IST">
  <testcase classname="jan1.Cross" name="AdminLogin" time="2.675"/>
  <testcase classname="jan1.Cross" name="AdminLogin" time="0.818"/>
  <testcase classname="jan1.Cross" name="AdminLogin" time="0.706"/>
  <testcase classname="jan1.Cross" name="AdminLogin" time="1.217"/>
</testsuite> <!-- Chrometest1 -->
