<?xml version="1.0" encoding="UTF-8"?>
<!-- Generated by org.testng.reporters.JUnitXMLReporter -->
<testsuite ignored="0" hostname="Pavan_Kumar" failures="0" tests="4" name="Firefoxtest1" time="11.742" errors="0" timestamp="2024-01-02T17:43:09 IST">
  <testcase classname="jan1.Cross" name="AdminLogin" time="3.295"/>
  <testcase classname="jan1.Cross" name="AdminLogin" time="0.615"/>
  <testcase classname="jan1.Cross" name="AdminLogin" time="0.514"/>
  <testcase classname="jan1.Cross" name="AdminLogin" time="1.082"/>
</testsuite> <!-- Firefoxtest1 -->
