<?xml version="1.0" encoding="UTF-8"?>
<!-- Generated by org.testng.reporters.JUnitXMLReporter -->
<testsuite ignored="0" hostname="Pavan_Kumar" failures="0" tests="4" name="Chrometest" time="9.507" errors="0" timestamp="2023-12-19T15:28:21 IST">
  <testcase classname="dec19.Crossbrowser1" name="Adminlogin" time="3.938"/>
  <testcase classname="dec19.Crossbrowser1" name="Adminlogin" time="1.107"/>
  <testcase classname="dec19.Crossbrowser1" name="Adminlogin" time="1.004"/>
  <testcase classname="dec19.Crossbrowser1" name="Adminlogin" time="0.745"/>
</testsuite> <!-- Chrometest -->
