<?xml version="1.0" encoding="UTF-8"?>
<!-- Generated by org.testng.reporters.JUnitXMLReporter -->
<testsuite ignored="0" hostname="Pavan_Kumar" failures="0" tests="4" name="Firefoxtest" time="11.17" errors="0" timestamp="2023-12-19T15:28:32 IST">
  <testcase classname="dec19.Crossbrowser1" name="Adminlogin" time="2.848"/>
  <testcase classname="dec19.Crossbrowser1" name="Adminlogin" time="0.604"/>
  <testcase classname="dec19.Crossbrowser1" name="Adminlogin" time="0.89"/>
  <testcase classname="dec19.Crossbrowser1" name="Adminlogin" time="0.562"/>
</testsuite> <!-- Firefoxtest -->
